# JRE version: Java(TM) SE Runtime Environment 18.9 (11.0.10+8) (build 11.0.10+8-LTS-162)
# Java VM: Java HotSpot(TM) 64-Bit Server VM 18.9 (11.0.10+8-LTS-162, mixed mode, tiered, compressed oops, g1 gc, windows-amd64)
Heap:
 garbage-first heap   total 312320K, used 19039K [0x0000000703800000, 0x0000000800000000)
  region size 1024K, 13 young (13312K), 13 survivors (13312K)
 Metaspace       used 47181K, capacity 48304K, committed 48640K, reserved 1091584K
  class space    used 5839K, capacity 6307K, committed 6400K, reserved 1048576K
GC Heap History (9 events):
Event: 0.496 GC heap before
{Heap before GC invocations=0 (full 0):
 garbage-first heap   total 260096K, used 24576K [0x0000000703800000, 0x0000000800000000)
  region size 1024K, 24 young (24576K), 0 survivors (0K)
 Metaspace       used 10800K, capacity 10963K, committed 11136K, reserved 1058816K
  class space    used 1036K, capacity 1101K, committed 1152K, reserved 1048576K
}
Event: 0.499 GC heap after
{Heap after GC invocations=1 (full 0):
 garbage-first heap   total 260096K, used 6297K [0x0000000703800000, 0x0000000800000000)
  region size 1024K, 3 young (3072K), 3 survivors (3072K)
 Metaspace       used 10800K, capacity 10963K, committed 11136K, reserved 1058816K
  class space    used 1036K, capacity 1101K, committed 1152K, reserved 1048576K
}
Event: 0.857 GC heap before
{Heap before GC invocations=1 (full 0):
 garbage-first heap   total 260096K, used 80025K [0x0000000703800000, 0x0000000800000000)
  region size 1024K, 77 young (78848K), 3 survivors (3072K)
 Metaspace       used 20590K, capacity 21079K, committed 21248K, reserved 1069056K
  class space    used 2372K, capacity 2550K, committed 2560K, reserved 1048576K
}
Event: 0.862 GC heap after
{Heap after GC invocations=2 (full 0):
 garbage-first heap   total 260096K, used 8618K [0x0000000703800000, 0x0000000800000000)
  region size 1024K, 6 young (6144K), 6 survivors (6144K)
 Metaspace       used 20590K, capacity 21079K, committed 21248K, reserved 1069056K
  class space    used 2372K, capacity 2550K, committed 2560K, reserved 1048576K
}
Event: 2.084 GC heap before
{Heap before GC invocations=3 (full 0):
 garbage-first heap   total 260096K, used 157098K [0x0000000703800000, 0x0000000800000000)
  region size 1024K, 152 young (155648K), 6 survivors (6144K)
 Metaspace       used 34191K, capacity 34990K, committed 35200K, reserved 1079296K
  class space    used 4091K, capacity 4431K, committed 4480K, reserved 1048576K
}
Event: 2.091 GC heap after
{Heap after GC invocations=4 (full 0):
 garbage-first heap   total 260096K, used 13791K [0x0000000703800000, 0x0000000800000000)
  region size 1024K, 11 young (11264K), 11 survivors (11264K)
 Metaspace       used 34191K, capacity 34990K, committed 35200K, reserved 1079296K
  class space    used 4091K, capacity 4431K, committed 4480K, reserved 1048576K
}
Event: 2.138 GC heap before
{Heap before GC invocations=4 (full 0):
 garbage-first heap   total 260096K, used 15839K [0x0000000703800000, 0x0000000800000000)
  region size 1024K, 14 young (14336K), 11 survivors (11264K)
 Metaspace       used 34631K, capacity 35461K, committed 35584K, reserved 1081344K
  class space    used 4148K, capacity 4503K, committed 4608K, reserved 1048576K
}
Event: 2.146 GC heap after
{Heap after GC invocations=5 (full 0):
 garbage-first heap   total 260096K, used 13917K [0x0000000703800000, 0x0000000800000000)
  region size 1024K, 8 young (8192K), 8 survivors (8192K)
 Metaspace       used 34631K, capacity 35461K, committed 35584K, reserved 1081344K
  class space    used 4148K, capacity 4503K, committed 4608K, reserved 1048576K
}
Event: 3.364 GC heap before
{Heap before GC invocations=6 (full 0):
 garbage-first heap   total 260096K, used 160349K [0x0000000703800000, 0x0000000800000000)
  region size 1024K, 152 young (155648K), 8 survivors (8192K)
 Metaspace       used 47181K, capacity 48304K, committed 48640K, reserved 1091584K
  class space    used 5839K, capacity 6307K, committed 6400K, reserved 1048576K
}

