# JRE version: Java(TM) SE Runtime Environment 18.9 (11.0.10+8) (build 11.0.10+8-LTS-162)
# Java VM: Java HotSpot(TM) 64-Bit Server VM 18.9 (11.0.10+8-LTS-162, mixed mode, tiered, compressed oops, g1 gc, windows-amd64)
Heap:
 garbage-first heap   total 260096K, used 19695K [0x0000000703800000, 0x0000000800000000)
  region size 1024K, 18 young (18432K), 11 survivors (11264K)
 Metaspace       used 35475K, capacity 36479K, committed 36736K, reserved 1081344K
  class space    used 4291K, capacity 4716K, committed 4736K, reserved 1048576K
GC Heap History (8 events):
Event: 0.366 GC heap before
{Heap before GC invocations=0 (full 0):
 garbage-first heap   total 260096K, used 24576K [0x0000000703800000, 0x0000000800000000)
  region size 1024K, 24 young (24576K), 0 survivors (0K)
 Metaspace       used 10796K, capacity 10962K, committed 11136K, reserved 1058816K
  class space    used 1036K, capacity 1101K, committed 1152K, reserved 1048576K
}
Event: 0.369 GC heap after
{Heap after GC invocations=1 (full 0):
 garbage-first heap   total 260096K, used 6316K [0x0000000703800000, 0x0000000800000000)
  region size 1024K, 3 young (3072K), 3 survivors (3072K)
 Metaspace       used 10796K, capacity 10962K, committed 11136K, reserved 1058816K
  class space    used 1036K, capacity 1101K, committed 1152K, reserved 1048576K
}
Event: 0.664 GC heap before
{Heap before GC invocations=1 (full 0):
 garbage-first heap   total 260096K, used 81068K [0x0000000703800000, 0x0000000800000000)
  region size 1024K, 78 young (79872K), 3 survivors (3072K)
 Metaspace       used 20652K, capacity 21087K, committed 21248K, reserved 1069056K
  class space    used 2381K, capacity 2553K, committed 2560K, reserved 1048576K
}
Event: 0.668 GC heap after
{Heap after GC invocations=2 (full 0):
 garbage-first heap   total 260096K, used 8468K [0x0000000703800000, 0x0000000800000000)
  region size 1024K, 6 young (6144K), 6 survivors (6144K)
 Metaspace       used 20652K, capacity 21087K, committed 21248K, reserved 1069056K
  class space    used 2381K, capacity 2553K, committed 2560K, reserved 1048576K
}
Event: 0.978 GC heap before
{Heap before GC invocations=3 (full 0):
 garbage-first heap   total 260096K, used 88340K [0x0000000703800000, 0x0000000800000000)
  region size 1024K, 85 young (87040K), 6 survivors (6144K)
 Metaspace       used 27268K, capacity 27899K, committed 28032K, reserved 1073152K
  class space    used 3173K, capacity 3435K, committed 3456K, reserved 1048576K
}
Event: 0.982 GC heap after
{Heap after GC invocations=4 (full 0):
 garbage-first heap   total 260096K, used 10296K [0x0000000703800000, 0x0000000800000000)
  region size 1024K, 7 young (7168K), 7 survivors (7168K)
 Metaspace       used 27268K, capacity 27899K, committed 28032K, reserved 1073152K
  class space    used 3173K, capacity 3435K, committed 3456K, reserved 1048576K
}
Event: 1.699 GC heap before
{Heap before GC invocations=4 (full 0):
 garbage-first heap   total 260096K, used 80952K [0x0000000703800000, 0x0000000800000000)
  region size 1024K, 77 young (78848K), 7 survivors (7168K)
 Metaspace       used 34628K, capacity 35463K, committed 35584K, reserved 1081344K
  class space    used 4148K, capacity 4503K, committed 4608K, reserved 1048576K
}
Event: 1.707 GC heap after
{Heap after GC invocations=5 (full 0):
 garbage-first heap   total 260096K, used 13551K [0x0000000703800000, 0x0000000800000000)
  region size 1024K, 11 young (11264K), 11 survivors (11264K)
 Metaspace       used 34628K, capacity 35463K, committed 35584K, reserved 1081344K
  class space    used 4148K, capacity 4503K, committed 4608K, reserved 1048576K
}

